<?xml version="1.0" encoding="UTF-8"?>
<!-- Generated by org.testng.reporters.JUnitReportReporter -->
<testsuite hostname="ShanayaPC" failures="0" tests="1" name="Module1_Login_Test.SwagLabLoginTest" time="3.831" errors="0" timestamp="2025-02-12T01:35:54 EST" skipped="0">
  <testcase classname="Module1_Login_Test.SwagLabLoginTest" name="TestLogin" time="3.831"/>
  <system-out/>
</testsuite> <!-- Module1_Login_Test.SwagLabLoginTest -->
