<?xml version="1.0" encoding="UTF-8"?>
<!-- Generated by org.testng.reporters.JUnitReportReporter -->
<testsuite hostname="DESKTOP-C59MQFQ" failures="0" tests="1" name="Module3.SwagLabOrderTest" time="17.509" errors="0" timestamp="2025-02-06T20:34:07 IST" skipped="0">
  <testcase classname="Module3.SwagLabOrderTest" name="PurchaseAnyProduct" time="17.509"/>
</testsuite> <!-- Module3.SwagLabOrderTest -->
