<?xml version="1.0" encoding="UTF-8"?>
<!-- Generated by org.testng.reporters.JUnitReportReporter -->
<testsuite hostname="DESKTOP-C59MQFQ" failures="0" tests="1" name="Module2.SwagLabProductTest" time="8.050" errors="0" timestamp="2025-02-06T19:42:45 IST" skipped="0">
  <testcase classname="Module2.SwagLabProductTest" name="verifyProductName" time="8.050"/>
</testsuite> <!-- Module2.SwagLabProductTest -->
